Exception ignored error evaluating path:
Traceback (most recent call last):
  File "<frozen getpath>", line 353, in <module>
InterruptedError: [Errno 4] Interrupted system call
Fatal Python error: error evaluating path
Python runtime state: core initialized

Current thread 0x00000002010420c0 (most recent call first):
  <no Python frame>
2026-01-07_1101: saved 12 rows to data/raw
2026-01-07_1730: saved 12 rows to data/raw
2026-01-09_0630: saved 10 rows to data/raw
2026-01-10_1730: saved 5 rows to data/raw
2026-01-11_0630: saved 10 rows to data/raw
2026-01-11_1100: saved 10 rows to data/raw
2026-01-11_1730: saved 8 rows to data/raw
2026-01-12_1104: saved 6 rows to data/raw2026-01-12_1730: saved 6 rows to data/raw
2026-01-13_0630: saved 7 rows to data/raw
2026-01-13_1104: saved 7 rows to data/raw
2026-01-13_1730: saved 7 rows to data/raw
2026-01-14_0630: saved 7 rows to data/raw
2026-01-14_1730: saved 7 rows to data/raw
2026-01-15_0630: saved 9 rows to data/raw
Traceback (most recent call last):
  File "/Users/caleb/Desktop/Gambling-Project/.venv/lib/python3.12/site-packages/urllib3/connection.py", line 198, in _new_conn
    sock = connection.create_connection(
           ^^^^^^^^^^^^^^^^^^^^^^^^^^^^^
  File "/Users/caleb/Desktop/Gambling-Project/.venv/lib/python3.12/site-packages/urllib3/util/connection.py", line 60, in create_connection
    for res in socket.getaddrinfo(host, port, family, socket.SOCK_STREAM):
               ^^^^^^^^^^^^^^^^^^^^^^^^^^^^^^^^^^^^^^^^^^^^^^^^^^^^^^^^^^
  File "/opt/homebrew/Cellar/python@3.12/3.12.12/Frameworks/Python.framework/Versions/3.12/lib/python3.12/socket.py", line 978, in getaddrinfo
    for res in _socket.getaddrinfo(host, port, family, type, proto, flags):
               ^^^^^^^^^^^^^^^^^^^^^^^^^^^^^^^^^^^^^^^^^^^^^^^^^^^^^^^^^^^
socket.gaierror: [Errno 8] nodename nor servname provided, or not known

The above exception was the direct cause of the following exception:

Traceback (most recent call last):
  File "/Users/caleb/Desktop/Gambling-Project/.venv/lib/python3.12/site-packages/urllib3/connectionpool.py", line 787, in urlopen
    response = self._make_request(
               ^^^^^^^^^^^^^^^^^^^
  File "/Users/caleb/Desktop/Gambling-Project/.venv/lib/python3.12/site-packages/urllib3/connectionpool.py", line 488, in _make_request
    raise new_e
  File "/Users/caleb/Desktop/Gambling-Project/.venv/lib/python3.12/site-packages/urllib3/connectionpool.py", line 464, in _make_request
    self._validate_conn(conn)
  File "/Users/caleb/Desktop/Gambling-Project/.venv/lib/python3.12/site-packages/urllib3/connectionpool.py", line 1093, in _validate_conn
    conn.connect()
  File "/Users/caleb/Desktop/Gambling-Project/.venv/lib/python3.12/site-packages/urllib3/connection.py", line 753, in connect
    self.sock = sock = self._new_conn()
                       ^^^^^^^^^^^^^^^^
  File "/Users/caleb/Desktop/Gambling-Project/.venv/lib/python3.12/site-packages/urllib3/connection.py", line 205, in _new_conn
    raise NameResolutionError(self.host, self, e) from e
urllib3.exceptions.NameResolutionError: <urllib3.connection.HTTPSConnection object at 0x1070764e0>: Failed to resolve 'api.the-odds-api.com' ([Errno 8] nodename nor servname provided, or not known)

The above exception was the direct cause of the following exception:

Traceback (most recent call last):
  File "/Users/caleb/Desktop/Gambling-Project/.venv/lib/python3.12/site-packages/requests/adapters.py", line 644, in send
    resp = conn.urlopen(
           ^^^^^^^^^^^^^
  File "/Users/caleb/Desktop/Gambling-Project/.venv/lib/python3.12/site-packages/urllib3/connectionpool.py", line 841, in urlopen
    retries = retries.increment(
              ^^^^^^^^^^^^^^^^^^
  File "/Users/caleb/Desktop/Gambling-Project/.venv/lib/python3.12/site-packages/urllib3/util/retry.py", line 519, in increment
    raise MaxRetryError(_pool, url, reason) from reason  # type: ignore[arg-type]
    ^^^^^^^^^^^^^^^^^^^^^^^^^^^^^^^^^^^^^^^^^^^^^^^^^^^
urllib3.exceptions.MaxRetryError: HTTPSConnectionPool(host='api.the-odds-api.com', port=443): Max retries exceeded with url: /v4/sports/basketball_nba/odds/?apiKey=b7a9c332ec982d7143b0ca8b32622104&regions=us,us2&markets=spreads&commenceTimeFrom=2026-01-15T08:00:00Z&commenceTimeTo=2026-01-16T07:59:59Z (Caused by NameResolutionError("<urllib3.connection.HTTPSConnection object at 0x1070764e0>: Failed to resolve 'api.the-odds-api.com' ([Errno 8] nodename nor servname provided, or not known)"))

During handling of the above exception, another exception occurred:

Traceback (most recent call last):
  File "<frozen runpy>", line 198, in _run_module_as_main
  File "<frozen runpy>", line 88, in _run_code
  File "/Users/caleb/Desktop/Gambling-Project/scripts/fetch_odds_daily.py", line 15, in <module>
    main()
  File "/Users/caleb/Desktop/Gambling-Project/scripts/fetch_odds_daily.py", line 12, in main
    fetch_csv(today_pacific)
  File "/Users/caleb/Desktop/Gambling-Project/nba_spreads/fetch.py", line 70, in fetch_csv
    response = requests.get(url)
               ^^^^^^^^^^^^^^^^^
  File "/Users/caleb/Desktop/Gambling-Project/.venv/lib/python3.12/site-packages/requests/api.py", line 73, in get
    return request("get", url, params=params, **kwargs)
           ^^^^^^^^^^^^^^^^^^^^^^^^^^^^^^^^^^^^^^^^^^^^
  File "/Users/caleb/Desktop/Gambling-Project/.venv/lib/python3.12/site-packages/requests/api.py", line 59, in request
    return session.request(method=method, url=url, **kwargs)
           ^^^^^^^^^^^^^^^^^^^^^^^^^^^^^^^^^^^^^^^^^^^^^^^^^
  File "/Users/caleb/Desktop/Gambling-Project/.venv/lib/python3.12/site-packages/requests/sessions.py", line 589, in request
    resp = self.send(prep, **send_kwargs)
           ^^^^^^^^^^^^^^^^^^^^^^^^^^^^^^
  File "/Users/caleb/Desktop/Gambling-Project/.venv/lib/python3.12/site-packages/requests/sessions.py", line 703, in send
    r = adapter.send(request, **kwargs)
        ^^^^^^^^^^^^^^^^^^^^^^^^^^^^^^^
  File "/Users/caleb/Desktop/Gambling-Project/.venv/lib/python3.12/site-packages/requests/adapters.py", line 677, in send
    raise ConnectionError(e, request=request)
requests.exceptions.ConnectionError: HTTPSConnectionPool(host='api.the-odds-api.com', port=443): Max retries exceeded with url: /v4/sports/basketball_nba/odds/?apiKey=b7a9c332ec982d7143b0ca8b32622104&regions=us,us2&markets=spreads&commenceTimeFrom=2026-01-15T08:00:00Z&commenceTimeTo=2026-01-16T07:59:59Z (Caused by NameResolutionError("<urllib3.connection.HTTPSConnection object at 0x1070764e0>: Failed to resolve 'api.the-odds-api.com' ([Errno 8] nodename nor servname provided, or not known)"))